-------------------------------------------------------------------------------
Test set: ru.yandex.samokat.CourierCreateParameterizedTest
-------------------------------------------------------------------------------
Tests run: 3, Failures: 1, Errors: 0, Skipped: 0, Time elapsed: 24.853 s <<< FAILURE! - in ru.yandex.samokat.CourierCreateParameterizedTest
createCourierWithInvalidDataTest[2](ru.yandex.samokat.CourierCreateParameterizedTest)  Time elapsed: 0.356 s  <<< FAILURE!
java.lang.AssertionError: expected:<400> but was:<201>
	at ru.yandex.samokat.CourierCreateParameterizedTest.createCourierWithInvalidDataTest(CourierCreateParameterizedTest.java:44)

