-------------------------------------------------------------------------------
Test set: ru.yandex.samokat.OrderListTest
-------------------------------------------------------------------------------
Tests run: 1, Failures: 1, Errors: 0, Skipped: 0, Time elapsed: 2.868 s <<< FAILURE! - in ru.yandex.samokat.OrderListTest
notEmptyListIsReturnedTest(ru.yandex.samokat.OrderListTest)  Time elapsed: 2.829 s  <<< FAILURE!
java.lang.AssertionError
	at ru.yandex.samokat.OrderListTest.notEmptyListIsReturnedTest(OrderListTest.java:42)

